<?xml version="1.0" encoding="UTF-8"?>
<!-- Generated by org.testng.reporters.JUnitReportReporter -->
<testsuite skipped="0" hostname="G1C2ML14333" name="question4.NewTest" tests="3" failures="0" timestamp="08 Aug 2018 05:20:30 GMT" time="63.202" errors="0">
  <testcase name="f1" time="20.934" classname="question4.NewTest"/>
  <testcase name="f3" time="21.673" classname="question4.NewTest"/>
  <testcase name="f2" time="20.595" classname="question4.NewTest"/>
</testsuite> <!-- question4.NewTest -->
