<?xml version="1.0" encoding="UTF-8"?>
<!-- Generated by org.testng.reporters.JUnitReportReporter -->
<testsuite skipped="0" hostname="G1C2ML14333" name="TestngCngPackage.NewTest" tests="2" failures="0" timestamp="01 Aug 2018 17:48:26 GMT" time="3.098" errors="0">
  <testcase name="f" time="2.894" classname="TestngCngPackage.NewTest"/>
  <testcase name="g" time="0.204" classname="TestngCngPackage.NewTest"/>
</testsuite> <!-- TestngCngPackage.NewTest -->
