<?xml version="1.0" encoding="UTF-8"?>
<!-- Generated by org.testng.reporters.JUnitReportReporter -->
<testsuite skipped="0" hostname="G1C2ML14333" name="Testng2pkg.NewTest" tests="1" failures="0" timestamp="03 Aug 2018 05:04:24 GMT" time="17.301" errors="0">
  <testcase name="f" time="17.301" classname="Testng2pkg.NewTest"/>
</testsuite> <!-- Testng2pkg.NewTest -->
